Hash seed = 
6d 61 73 74 50 c0 37 14 0 0 0 0 0 40 f9 80 9 89 b3 d3 46 b6 1 0 0 f4 df d7 46 e0 e3 d7 46 c8 6 2 0 a0 fa 80 9 d6 a9 c4 46 28 e8 d7 46 0 0 10 0 c6 3e cc 46 5d 6c c4 46 0 90 5d b7 0 0 10 0 0 0 10 0 f4 df d7 46 

Master key = 
7a e1 b1 6d ec bb a8 bf 0 0 0 0 5b f3 78 48 88 72 bc 46 70 e8 bc 46 8 bc a8 bf 4 bc a8 bf f bc a8 bf c4 df bc 46 a0 e2 6d b7 5c de d7 46 

Hash seed = 
6b 65 79 20 50 c0 37 14 46 e0 0 0 0 0 90 5d b7 83 78 cb 46 f4 df d7 46 e5 3e c4 46 1 0 0 0 0 90 5d b7 e0 0 0 0 bd 0 0 0 d7 0 0 0 4a 0 0 0 70 0 0 0 12 49 c4 46 c0 e9 d7 46 0 90 5d b7 c8 bd a8 bf c4 3d c4 46 

Key block: 
4e 78 bc eb 0 0 5d 60 bb 46 6a 69 2 47 6a 69 2 47 1 0 0 0 c4 df bc 46 28 f ff 46 3 0 0 0 48 c7 6d b7 2 0 0 0 6a 69 2 47 6a 69 2 47 48 c7 6d b7 c4 df bc 46 2c ee fe 46 3 0 0 0 48 c7 6d b7 44 67 bb 46 6a 69 2 47 6a 69 

encrypted data: 
35 29 7f 8c 12 b8 28 15 ef 70 9d 22 8 38 4b 56 28 c6 8f 66 ee e9 7e f7 e2 7b 15 10 fb 93 e3 4e 

decrypted data: 
75 bb d0 b7 ef 86 9e 8e a7 c0 e2 d3 89 75 b9 2f 1e af 4a 78 b2 f4 2b 82 7 d5 47 59 3f ca 86 db 

Hash seed = 
6d 61 73 74 50 c0 37 14 0 0 0 0 0 40 f9 80 9 89 b3 d3 46 b6 1 0 0 f4 df d7 46 e0 e3 d7 46 c8 6 2 0 a0 fa 80 9 d6 a9 c4 46 28 e8 d7 46 0 0 10 0 c6 3e cc 46 5d 6c c4 46 0 90 4d b7 0 0 10 0 0 0 10 0 f4 df d7 46 

Master key = 
2e 5b 9 e9 ec bb a8 bf 0 0 0 0 5b f3 78 48 88 72 bc 46 70 e8 bc 46 8 bc a8 bf 4 bc a8 bf f bc a8 bf c4 df bc 46 a0 e2 6d b7 5c de d7 46 

Hash seed = 
6b 65 79 20 50 c0 37 14 46 e0 0 0 0 0 90 5d b7 83 78 cb 46 f4 df d7 46 e5 3e c4 46 1 0 0 0 0 90 5d b7 e0 0 0 0 bd 0 0 0 d7 0 0 0 4a 0 0 0 70 0 0 0 12 49 c4 46 c0 e9 d7 46 0 90 5d b7 c8 bd a8 bf c4 3d c4 46 

Key block: 
f7 8 f5 c2 0 0 5d 60 bb 46 6a 69 2 47 6a 69 2 47 1 0 0 0 c4 df bc 46 28 f ff 46 3 0 0 0 48 c7 6d b7 2 0 0 0 6a 69 2 47 6a 69 2 47 48 c7 6d b7 c4 df bc 46 2c ee fe 46 3 0 0 0 48 c7 6d b7 44 67 bb 46 6a 69 2 47 6a 69 

encrypted data: 
40 3 5a f7 4e c3 30 34 a2 e5 35 c9 16 e7 7b f2 ac 90 c7 18 c2 25 c 98 1d 0 82 6d bb 92 48 30 

decrypted data: 
0 91 f5 cc b3 fd 86 af ea 55 4a 38 97 aa 89 8b 9a f9 2 6 9e 38 59 ed f8 ae d0 24 7f cb 2d a5 

Hash seed = 
6d 61 73 74 50 c0 37 14 0 0 0 0 0 c8 f9 80 9 89 b3 d3 46 b6 1 0 0 f4 df d7 46 e0 e3 d7 46 40 6 2 0 28 fb 80 9 d6 a9 c4 46 28 e8 d7 46 0 0 10 0 c6 3e cc 46 5d 6c c4 46 0 90 4d b7 0 0 10 0 0 0 10 0 f4 df d7 46 

Master key = 
1a 51 89 c3 ec bb a8 bf 0 0 0 0 5b f3 78 48 88 72 bc 46 70 e8 bc 46 8 bc a8 bf 4 bc a8 bf f bc a8 bf c4 df bc 46 a0 e2 6d b7 5c de d7 46 

Hash seed = 
6b 65 79 20 50 c0 37 14 46 e0 0 0 0 0 90 5d b7 83 78 cb 46 f4 df d7 46 e5 3e c4 46 1 0 0 0 0 90 5d b7 e0 0 0 0 bd 0 0 0 d7 0 0 0 4a 0 0 0 70 0 0 0 12 49 c4 46 c0 e9 d7 46 0 90 5d b7 c8 bd a8 bf c4 3d c4 46 

Key block: 
b3 ee 23 a7 0 0 5d 60 bb 46 6a 69 2 47 6a 69 2 47 1 0 0 0 c4 df bc 46 28 f ff 46 3 0 0 0 48 c7 6d b7 2 0 0 0 6a 69 2 47 6a 69 2 47 48 c7 6d b7 c4 df bc 46 2c ee fe 46 3 0 0 0 48 c7 6d b7 44 67 bb 46 6a 69 2 47 6a 69 

encrypted data: 
79 52 33 1a d2 e2 41 40 aa 3e e5 68 9c d1 ab 1e a3 ab 14 e1 1d ec b4 4e 52 ea 1e fe e8 2b 9d e7 

decrypted data: 
39 c0 9c 21 2f dc f7 db e2 8e 9a 99 1d 9c 59 67 95 c2 d1 ff 41 f1 e1 3b b7 44 4c b7 2c 72 f8 72 

